<?xml version="1.0" encoding="UTF-8"?>
<robot generator="Robot 3.2.1 (Python 3.8.2 on win32)" generated="20200513 15:09:19.629" rpa="false">
<suite id="s1" name="TC 002" source="C:\Users\Preety\PycharmProjects\RobotAutomation\TestCases\TC_002.robot">
<test id="s1-t1" name="TC_002 Facebook login">
<kw name="Start Browser Window" library="Resource2" type="setup">
<doc>This is to open a browser</doc>
<arguments>
<arg>http://www.facebook.com</arg>
<arg>Firefox</arg>
</arguments>
<kw name="Open Browser" library="SeleniumLibrary">
<doc>Opens a new browser instance to the optional ``url``.</doc>
<arguments>
<arg>${UserURL}</arg>
<arg>${InputBrowser}</arg>
</arguments>
<msg timestamp="20200513 15:09:19.918" level="INFO">Opening browser 'Firefox' to base url 'http://www.facebook.com'.</msg>
<msg timestamp="20200513 15:09:19.921" level="INFO">Firefox driver log is always forced to to: C:\Users\Preety\PycharmProjects\RobotAutomation\TestCases\geckodriver-3.log</msg>
<status status="PASS" starttime="20200513 15:09:19.918" endtime="20200513 15:09:45.284"></status>
</kw>
<kw name="Maximize Browser Window" library="SeleniumLibrary">
<doc>Maximizes current browser window.</doc>
<status status="PASS" starttime="20200513 15:09:45.287" endtime="20200513 15:09:45.576"></status>
</kw>
<status status="PASS" starttime="20200513 15:09:19.918" endtime="20200513 15:09:45.576"></status>
</kw>
<kw name="Create Folder at runtime" library="Resource2">
<kw name="Create Folder" library="UserKeywords">
<status status="PASS" starttime="20200513 15:09:45.576" endtime="20200513 15:09:45.597"></status>
</kw>
<status status="PASS" starttime="20200513 15:09:45.576" endtime="20200513 15:09:45.598"></status>
</kw>
<kw name="Input Text" library="SeleniumLibrary">
<doc>Types the given ``text`` into the text field identified by ``locator``.</doc>
<arguments>
<arg>name:email</arg>
<arg>preetygupta23@gmail.com</arg>
</arguments>
<msg timestamp="20200513 15:09:45.598" level="INFO">Typing text 'preetygupta23@gmail.com' into text field 'name:email'.</msg>
<status status="PASS" starttime="20200513 15:09:45.598" endtime="20200513 15:09:45.847"></status>
</kw>
<kw name="Input Text" library="SeleniumLibrary">
<doc>Types the given ``text`` into the text field identified by ``locator``.</doc>
<arguments>
<arg>name:pass</arg>
<arg>sweet@2311</arg>
</arguments>
<msg timestamp="20200513 15:09:45.849" level="INFO">Typing text 'sweet@2311' into text field 'name:pass'.</msg>
<status status="PASS" starttime="20200513 15:09:45.848" endtime="20200513 15:09:45.924"></status>
</kw>
<kw name="Get Title" library="SeleniumLibrary">
<doc>Returns the title of the current page.</doc>
<assign>
<var>${PageTitle}</var>
</assign>
<msg timestamp="20200513 15:09:45.928" level="INFO">${PageTitle} = Facebook – log in or sign up</msg>
<status status="PASS" starttime="20200513 15:09:45.925" endtime="20200513 15:09:45.928"></status>
</kw>
<kw name="Log" library="BuiltIn">
<doc>Logs the given message with the given level.</doc>
<arguments>
<arg>${PageTitle}</arg>
</arguments>
<msg timestamp="20200513 15:09:45.928" level="INFO">Facebook – log in or sign up</msg>
<status status="PASS" starttime="20200513 15:09:45.928" endtime="20200513 15:09:45.928"></status>
</kw>
<kw name="Get Selenium Speed" library="SeleniumLibrary">
<doc>Gets the delay that is waited after each Selenium command.</doc>
<assign>
<var>${Speed}</var>
</assign>
<msg timestamp="20200513 15:09:45.928" level="INFO">${Speed} = 0 seconds</msg>
<status status="PASS" starttime="20200513 15:09:45.928" endtime="20200513 15:09:45.928"></status>
</kw>
<kw name="Log" library="BuiltIn">
<doc>Logs the given message with the given level.</doc>
<arguments>
<arg>${Speed}</arg>
</arguments>
<msg timestamp="20200513 15:09:45.928" level="INFO">0 seconds</msg>
<status status="PASS" starttime="20200513 15:09:45.928" endtime="20200513 15:09:45.928"></status>
</kw>
<kw name="close browser window" library="Resource2" type="teardown">
<kw name="Get Title" library="SeleniumLibrary">
<doc>Returns the title of the current page.</doc>
<assign>
<var>${Title}</var>
</assign>
<msg timestamp="20200513 15:09:45.941" level="INFO">${Title} = Facebook – log in or sign up</msg>
<status status="PASS" starttime="20200513 15:09:45.928" endtime="20200513 15:09:45.941"></status>
</kw>
<kw name="Log" library="BuiltIn">
<doc>Logs the given message with the given level.</doc>
<arguments>
<arg>${Title}</arg>
</arguments>
<msg timestamp="20200513 15:09:45.942" level="INFO">Facebook – log in or sign up</msg>
<status status="PASS" starttime="20200513 15:09:45.941" endtime="20200513 15:09:45.942"></status>
</kw>
<kw name="Close Browser" library="SeleniumLibrary">
<doc>Closes the current browser.</doc>
<status status="PASS" starttime="20200513 15:09:45.942" endtime="20200513 15:09:53.747"></status>
</kw>
<status status="PASS" starttime="20200513 15:09:45.928" endtime="20200513 15:09:53.747"></status>
</kw>
<status status="PASS" starttime="20200513 15:09:19.918" endtime="20200513 15:09:53.748" critical="yes"></status>
</test>
<doc>This is on firefox.</doc>
<status status="PASS" starttime="20200513 15:09:19.631" endtime="20200513 15:09:53.750"></status>
</suite>
<statistics>
<total>
<stat pass="1" fail="0">Critical Tests</stat>
<stat pass="1" fail="0">All Tests</stat>
</total>
<tag>
</tag>
<suite>
<stat pass="1" fail="0" id="s1" name="TC 002">TC 002</stat>
</suite>
</statistics>
<errors>
</errors>
</robot>
