<?xml version="1.0" encoding="UTF-8"?>
<robot generator="Robot 3.2.1 (Python 3.8.2 on win32)" generated="20200513 15:05:06.835" rpa="false">
<suite id="s1" name="TC 002" source="C:\Users\Preety\PycharmProjects\RobotAutomation\TestCases\TC_002.robot">
<test id="s1-t1" name="TC_002 Facebook login">
<kw name="Start Browser Window" library="Resource2" type="setup">
<doc>This is to open a browser</doc>
<arguments>
<arg>http://www.facebook.com</arg>
<arg>Firefox</arg>
</arguments>
<kw name="Open Browser" library="SeleniumLibrary">
<doc>Opens a new browser instance to the optional ``url``.</doc>
<arguments>
<arg>${UserURL}</arg>
<arg>${InputBrowser}</arg>
</arguments>
<msg timestamp="20200513 15:05:07.120" level="INFO">Opening browser 'Firefox' to base url 'http://www.facebook.com'.</msg>
<msg timestamp="20200513 15:05:07.190" level="INFO">Firefox driver log is always forced to to: C:\Users\Preety\PycharmProjects\RobotAutomation\TestCases\geckodriver-2.log</msg>
<status status="PASS" starttime="20200513 15:05:07.120" endtime="20200513 15:05:41.269"></status>
</kw>
<kw name="Maximize Browser Window" library="SeleniumLibrary">
<doc>Maximizes current browser window.</doc>
<status status="PASS" starttime="20200513 15:05:41.270" endtime="20200513 15:05:41.604"></status>
</kw>
<status status="PASS" starttime="20200513 15:05:07.120" endtime="20200513 15:05:41.604"></status>
</kw>
<kw name="Create Folder at runtime" library="Resource2">
<kw name="Create Folder" library="UserKeywords">
<msg timestamp="20200513 15:05:41.608" level="FAIL">FileExistsError: [WinError 183] Cannot create a file when that file already exists: 'C://PythonFolder'</msg>
<status status="FAIL" starttime="20200513 15:05:41.608" endtime="20200513 15:05:41.608"></status>
</kw>
<status status="FAIL" starttime="20200513 15:05:41.607" endtime="20200513 15:05:41.608"></status>
</kw>
<kw name="close browser window" library="Resource2" type="teardown">
<kw name="Get Title" library="SeleniumLibrary">
<doc>Returns the title of the current page.</doc>
<assign>
<var>${Title}</var>
</assign>
<msg timestamp="20200513 15:05:41.639" level="INFO">${Title} = Facebook – log in or sign up</msg>
<status status="PASS" starttime="20200513 15:05:41.616" endtime="20200513 15:05:41.639"></status>
</kw>
<kw name="Log" library="BuiltIn">
<doc>Logs the given message with the given level.</doc>
<arguments>
<arg>${Title}</arg>
</arguments>
<msg timestamp="20200513 15:05:41.639" level="INFO">Facebook – log in or sign up</msg>
<status status="PASS" starttime="20200513 15:05:41.639" endtime="20200513 15:05:41.639"></status>
</kw>
<kw name="Close Browser" library="SeleniumLibrary">
<doc>Closes the current browser.</doc>
<status status="PASS" starttime="20200513 15:05:41.639" endtime="20200513 15:05:47.522"></status>
</kw>
<status status="PASS" starttime="20200513 15:05:41.614" endtime="20200513 15:05:47.522"></status>
</kw>
<status status="FAIL" starttime="20200513 15:05:07.119" endtime="20200513 15:05:47.523" critical="yes">FileExistsError: [WinError 183] Cannot create a file when that file already exists: 'C://PythonFolder'</status>
</test>
<doc>This is on firefox.</doc>
<status status="FAIL" starttime="20200513 15:05:06.841" endtime="20200513 15:05:47.524"></status>
</suite>
<statistics>
<total>
<stat pass="0" fail="1">Critical Tests</stat>
<stat pass="0" fail="1">All Tests</stat>
</total>
<tag>
</tag>
<suite>
<stat pass="0" fail="1" id="s1" name="TC 002">TC 002</stat>
</suite>
</statistics>
<errors>
</errors>
</robot>
